==============================================================
File generated by Vivado(TM) HLS - High-Level Synthesis from C, C++ and SystemC
Version: 2018.2
Copyright (C) 1986-2018 Xilinx, Inc. All Rights Reserved.

==============================================================

==============================================================
File generated by Vivado(TM) HLS - High-Level Synthesis from C, C++ and SystemC
Version: 2018.2
Copyright (C) 1986-2018 Xilinx, Inc. All Rights Reserved.

==============================================================

INFO: [HLS 200-10] Setting target device to 'xc7vx690tffg1927-2'
INFO: [SYN 201-201] Setting up clock 'default' with a period of 8.33333ns.
INFO: [SIM 211-2] *************** CSIM start ***************
INFO: [SIM 211-4] CSIM will launch GCC as the compiler.
INFO: [SIM 211-1] CSim done with 0 errors.
INFO: [SIM 211-3] *************** CSIM finish ***************
INFO: [HLS 200-10] Analyzing design file 'src/GCT.cc' ... 
WARNING: [HLS 200-40] In file included from src/GCT.cc:1:
In file included from src/GCT.cc:1:
src/GCT.hh:3:17: warning: using directive refers to implicitly-defined namespace 'std'
using namespace std;
                ^
1 warning generated.\n
INFO: [HLS 200-10] Analyzing design file 'src/algo_unpacked.cpp' ... 
INFO: [HLS 200-111] Finished Linking Time (s): cpu = 00:00:21 ; elapsed = 00:00:23 . Memory (MB): peak = 361.148 ; gain = 0.340 ; free physical = 9452 ; free virtual = 84842
INFO: [HLS 200-111] Finished Checking Pragmas Time (s): cpu = 00:00:21 ; elapsed = 00:00:23 . Memory (MB): peak = 361.148 ; gain = 0.340 ; free physical = 9452 ; free virtual = 84842
INFO: [HLS 200-10] Starting code transformations ...
INFO: [HLS 200-111] Finished Standard Transforms Time (s): cpu = 00:00:22 ; elapsed = 00:00:24 . Memory (MB): peak = 361.348 ; gain = 0.539 ; free physical = 9441 ; free virtual = 84832
INFO: [HLS 200-10] Checking synthesizability ...
WARNING: [SYNCHK 200-23] src/algo_unpacked.cpp:85: variable-indexed range selection may cause suboptimal QoR.
INFO: [SYNCHK 200-10] 0 error(s), 1 warning(s).
INFO: [HLS 200-111] Finished Checking Synthesizability Time (s): cpu = 00:00:22 ; elapsed = 00:00:24 . Memory (MB): peak = 361.348 ; gain = 0.539 ; free physical = 9437 ; free virtual = 84829
INFO: [XFORM 203-502] Unrolling all loops for pipelining in function 'algo_unpacked' (src/algo_unpacked.cpp:22).
INFO: [XFORM 203-502] Unrolling all loops for pipelining in function 'GCT' (src/GCT.cc:4).
INFO: [XFORM 203-502] Unrolling all loops for pipelining in function 'merge_acrossphi' (src/GCT.cc:253).
INFO: [XFORM 203-501] Unrolling loop 'Loop-1' (src/algo_unpacked.cpp:72) in function 'algo_unpacked' completely.
INFO: [XFORM 203-501] Unrolling loop 'Loop-1.1' (src/algo_unpacked.cpp:74) in function 'algo_unpacked' completely.
INFO: [XFORM 203-501] Unrolling loop 'Loop-2' (src/algo_unpacked.cpp:147) in function 'algo_unpacked' completely.
INFO: [XFORM 203-501] Unrolling loop 'Loop-2.1' (src/algo_unpacked.cpp:149) in function 'algo_unpacked' completely.
INFO: [XFORM 203-501] Unrolling loop 'Loop-3' (src/algo_unpacked.cpp:190) in function 'algo_unpacked' completely.
INFO: [XFORM 203-501] Unrolling loop 'Loop-1' (src/GCT.cc:94) in function 'GCT' completely.
INFO: [XFORM 203-501] Unrolling loop 'Loop-1.1' (src/GCT.cc:96) in function 'GCT' completely.
INFO: [XFORM 203-501] Unrolling loop 'Loop-1' (src/GCT.cc:294) in function 'merge_acrossphi' completely.
INFO: [XFORM 203-501] Unrolling loop 'Loop-1.1' (src/GCT.cc:296) in function 'merge_acrossphi' completely.
INFO: [XFORM 203-501] Unrolling loop 'Loop-2' (src/GCT.cc:312) in function 'merge_acrossphi' completely.
INFO: [XFORM 203-501] Unrolling loop 'Loop-2.1' (src/GCT.cc:314) in function 'merge_acrossphi' completely.
INFO: [XFORM 203-101] Partitioning array 'link_in.V' (src/algo_unpacked.cpp:22) in dimension 1 completely.
INFO: [XFORM 203-101] Partitioning array 'link_out.V' (src/algo_unpacked.cpp:22) in dimension 1 completely.
INFO: [XFORM 203-101] Partitioning array 'peakEta_Pos' (src/algo_unpacked.cpp:47) in dimension 1 completely.
INFO: [XFORM 203-101] Partitioning array 'peakPhi_Pos' (src/algo_unpacked.cpp:48) in dimension 1 completely.
INFO: [XFORM 203-101] Partitioning array 'towerEta_Pos' (src/algo_unpacked.cpp:49) in dimension 1 completely.
INFO: [XFORM 203-101] Partitioning array 'towerPhi_Pos' (src/algo_unpacked.cpp:50) in dimension 1 completely.
INFO: [XFORM 203-101] Partitioning array 'ClusterET_Pos' (src/algo_unpacked.cpp:51) in dimension 1 completely.
INFO: [XFORM 203-101] Partitioning array 'peakEta_Neg' (src/algo_unpacked.cpp:53) in dimension 1 completely.
INFO: [XFORM 203-101] Partitioning array 'peakPhi_Neg' (src/algo_unpacked.cpp:54) in dimension 1 completely.
INFO: [XFORM 203-101] Partitioning array 'towerEta_Neg' (src/algo_unpacked.cpp:55) in dimension 1 completely.
INFO: [XFORM 203-101] Partitioning array 'towerPhi_Neg' (src/algo_unpacked.cpp:56) in dimension 1 completely.
INFO: [XFORM 203-101] Partitioning array 'ClusterET_Neg' (src/algo_unpacked.cpp:57) in dimension 1 completely.
INFO: [XFORM 203-101] Partitioning array 'outpeakEta_Pos'  in dimension 1 completely.
INFO: [XFORM 203-101] Partitioning array 'outpeakPhi_Pos'  in dimension 1 completely.
INFO: [XFORM 203-101] Partitioning array 'outtowerEta_Pos'  in dimension 1 completely.
INFO: [XFORM 203-101] Partitioning array 'outtowerPhi_Pos'  in dimension 1 completely.
INFO: [XFORM 203-101] Partitioning array 'outClusterET_Pos'  in dimension 1 completely.
INFO: [XFORM 203-101] Partitioning array 'outpeakEta_Neg'  in dimension 1 completely.
INFO: [XFORM 203-101] Partitioning array 'outpeakPhi_Neg'  in dimension 1 completely.
INFO: [XFORM 203-101] Partitioning array 'outtowerEta_Neg'  in dimension 1 completely.
INFO: [XFORM 203-101] Partitioning array 'outtowerPhi_Neg'  in dimension 1 completely.
INFO: [XFORM 203-101] Partitioning array 'outClusterET_Neg'  in dimension 1 completely.
INFO: [XFORM 203-101] Partitioning array 'preMergepeakEta' (src/GCT.cc:75) in dimension 1 completely.
INFO: [XFORM 203-101] Partitioning array 'preMergepeakPhi' (src/GCT.cc:76) in dimension 1 completely.
INFO: [XFORM 203-101] Partitioning array 'preMergeclusterET' (src/GCT.cc:77) in dimension 1 completely.
INFO: [XFORM 203-101] Partitioning array 'preMergepeakEta_b' (src/GCT.cc:79) in dimension 1 completely.
INFO: [XFORM 203-101] Partitioning array 'preMergepeakPhi_b' (src/GCT.cc:80) in dimension 1 completely.
INFO: [XFORM 203-101] Partitioning array 'preMergeclusterET_b' (src/GCT.cc:81) in dimension 1 completely.
INFO: [XFORM 203-101] Partitioning array 'preMergepeakEta' (src/GCT.cc:281) in dimension 1 completely.
INFO: [XFORM 203-101] Partitioning array 'preMergepeakPhi' (src/GCT.cc:282) in dimension 1 completely.
INFO: [XFORM 203-101] Partitioning array 'preMergetowerEta' (src/GCT.cc:283) in dimension 1 completely.
INFO: [XFORM 203-101] Partitioning array 'preMergetowerPhi' (src/GCT.cc:284) in dimension 1 completely.
INFO: [XFORM 203-101] Partitioning array 'preMergeclusterET' (src/GCT.cc:285) in dimension 1 completely.
INFO: [XFORM 203-101] Partitioning array 'peakEta_Pos' (src/algo_unpacked.cpp:47) in dimension 2 completely.
INFO: [XFORM 203-101] Partitioning array 'peakPhi_Pos' (src/algo_unpacked.cpp:48) in dimension 2 completely.
INFO: [XFORM 203-101] Partitioning array 'towerEta_Pos' (src/algo_unpacked.cpp:49) in dimension 2 completely.
INFO: [XFORM 203-101] Partitioning array 'towerPhi_Pos' (src/algo_unpacked.cpp:50) in dimension 2 completely.
INFO: [XFORM 203-101] Partitioning array 'ClusterET_Pos' (src/algo_unpacked.cpp:51) in dimension 2 completely.
INFO: [XFORM 203-101] Partitioning array 'peakEta_Neg' (src/algo_unpacked.cpp:53) in dimension 2 completely.
INFO: [XFORM 203-101] Partitioning array 'peakPhi_Neg' (src/algo_unpacked.cpp:54) in dimension 2 completely.
INFO: [XFORM 203-101] Partitioning array 'towerEta_Neg' (src/algo_unpacked.cpp:55) in dimension 2 completely.
INFO: [XFORM 203-101] Partitioning array 'towerPhi_Neg' (src/algo_unpacked.cpp:56) in dimension 2 completely.
INFO: [XFORM 203-101] Partitioning array 'ClusterET_Neg' (src/algo_unpacked.cpp:57) in dimension 2 completely.
INFO: [XFORM 203-101] Partitioning array 'outpeakEta_Pos'  in dimension 2 completely.
INFO: [XFORM 203-101] Partitioning array 'outpeakPhi_Pos'  in dimension 2 completely.
INFO: [XFORM 203-101] Partitioning array 'outtowerEta_Pos'  in dimension 2 completely.
INFO: [XFORM 203-101] Partitioning array 'outtowerPhi_Pos'  in dimension 2 completely.
INFO: [XFORM 203-101] Partitioning array 'outClusterET_Pos'  in dimension 2 completely.
INFO: [XFORM 203-101] Partitioning array 'outpeakEta_Neg'  in dimension 2 completely.
INFO: [XFORM 203-101] Partitioning array 'outpeakPhi_Neg'  in dimension 2 completely.
INFO: [XFORM 203-101] Partitioning array 'outtowerEta_Neg'  in dimension 2 completely.
INFO: [XFORM 203-101] Partitioning array 'outtowerPhi_Neg'  in dimension 2 completely.
INFO: [XFORM 203-101] Partitioning array 'outClusterET_Neg'  in dimension 2 completely.
INFO: [XFORM 203-101] Partitioning array 'preMergepeakEta' (src/GCT.cc:75) in dimension 2 completely.
INFO: [XFORM 203-101] Partitioning array 'preMergepeakPhi' (src/GCT.cc:76) in dimension 2 completely.
INFO: [XFORM 203-101] Partitioning array 'preMergeclusterET' (src/GCT.cc:77) in dimension 2 completely.
INFO: [XFORM 203-101] Partitioning array 'preMergepeakEta_b' (src/GCT.cc:79) in dimension 2 completely.
INFO: [XFORM 203-101] Partitioning array 'preMergepeakPhi_b' (src/GCT.cc:80) in dimension 2 completely.
INFO: [XFORM 203-101] Partitioning array 'preMergeclusterET_b' (src/GCT.cc:81) in dimension 2 completely.
INFO: [XFORM 203-101] Partitioning array 'preMergepeakEta' (src/GCT.cc:281) in dimension 2 completely.
INFO: [XFORM 203-101] Partitioning array 'preMergepeakPhi' (src/GCT.cc:282) in dimension 2 completely.
INFO: [XFORM 203-101] Partitioning array 'preMergetowerEta' (src/GCT.cc:283) in dimension 2 completely.
INFO: [XFORM 203-101] Partitioning array 'preMergetowerPhi' (src/GCT.cc:284) in dimension 2 completely.
INFO: [XFORM 203-101] Partitioning array 'preMergeclusterET' (src/GCT.cc:285) in dimension 2 completely.
INFO: [XFORM 203-401] Performing if-conversion on hyperblock from (src/GCT.cc:327:10) to (src/GCT.cc:327:10) in function 'merge_acrossphi'... converting 4 basic blocks.
INFO: [XFORM 203-401] Performing if-conversion on hyperblock from (src/GCT.cc:327:10) to (src/GCT.cc:327:10) in function 'merge_acrossphi'... converting 6 basic blocks.
INFO: [XFORM 203-401] Performing if-conversion on hyperblock from (src/GCT.cc:327:10) to (src/GCT.cc:327:10) in function 'merge_acrossphi'... converting 4 basic blocks.
INFO: [XFORM 203-401] Performing if-conversion on hyperblock from (src/GCT.cc:327:10) to (src/GCT.cc:327:10) in function 'merge_acrossphi'... converting 10 basic blocks.
INFO: [XFORM 203-401] Performing if-conversion on hyperblock from (src/GCT.cc:327:10) to (src/GCT.cc:327:10) in function 'merge_acrossphi'... converting 4 basic blocks.
INFO: [XFORM 203-401] Performing if-conversion on hyperblock from (src/GCT.cc:327:10) to (src/GCT.cc:327:10) in function 'merge_acrossphi'... converting 4 basic blocks.
INFO: [XFORM 203-401] Performing if-conversion on hyperblock from (src/GCT.cc:327:10) to (src/GCT.cc:327:10) in function 'merge_acrossphi'... converting 6 basic blocks.
INFO: [XFORM 203-401] Performing if-conversion on hyperblock from (src/GCT.cc:327:10) to (src/GCT.cc:327:10) in function 'merge_acrossphi'... converting 4 basic blocks.
INFO: [XFORM 203-401] Performing if-conversion on hyperblock from (src/GCT.cc:327:10) to (src/GCT.cc:327:10) in function 'merge_acrossphi'... converting 10 basic blocks.
INFO: [XFORM 203-401] Performing if-conversion on hyperblock from (src/GCT.cc:327:10) to (src/GCT.cc:327:10) in function 'merge_acrossphi'... converting 4 basic blocks.
INFO: [XFORM 203-401] Performing if-conversion on hyperblock from (src/GCT.cc:327:10) to (src/GCT.cc:327:10) in function 'merge_acrossphi'... converting 4 basic blocks.
INFO: [XFORM 203-401] Performing if-conversion on hyperblock from (src/GCT.cc:327:10) to (src/GCT.cc:327:10) in function 'merge_acrossphi'... converting 6 basic blocks.
INFO: [XFORM 203-401] Performing if-conversion on hyperblock from (src/GCT.cc:327:10) to (src/GCT.cc:327:10) in function 'merge_acrossphi'... converting 4 basic blocks.
INFO: [XFORM 203-401] Performing if-conversion on hyperblock from (src/GCT.cc:327:10) to (src/GCT.cc:327:10) in function 'merge_acrossphi'... converting 10 basic blocks.
INFO: [XFORM 203-401] Performing if-conversion on hyperblock from (src/GCT.cc:327:10) to (src/GCT.cc:327:10) in function 'merge_acrossphi'... converting 4 basic blocks.
INFO: [XFORM 203-401] Performing if-conversion on hyperblock in function 'mergeClusters1'... converting 3 basic blocks.
INFO: [XFORM 203-401] Performing if-conversion on hyperblock in function 'mergeClusters'... converting 3 basic blocks.
INFO: [HLS 200-111] Finished Pre-synthesis Time (s): cpu = 00:01:04 ; elapsed = 00:01:07 . Memory (MB): peak = 553.023 ; gain = 192.215 ; free physical = 9366 ; free virtual = 84759
INFO: [HLS 200-111] Finished Architecture Synthesis Time (s): cpu = 00:01:25 ; elapsed = 00:01:28 . Memory (MB): peak = 681.023 ; gain = 320.215 ; free physical = 9221 ; free virtual = 84615
INFO: [HLS 200-10] Starting hardware synthesis ...
INFO: [HLS 200-10] Synthesizing 'algo_unpacked' ...
INFO: [HLS 200-10] ----------------------------------------------------------------
INFO: [HLS 200-42] -- Implementing module 'mergeClusters' 
INFO: [HLS 200-10] ----------------------------------------------------------------
INFO: [SCHED 204-11] Starting scheduling ...
INFO: [SCHED 204-61] Pipelining function 'mergeClusters'.
INFO: [SCHED 204-61] Pipelining result : Target II = 3, Final II = 1, Depth = 1.
INFO: [SCHED 204-11] Finished scheduling.
INFO: [HLS 200-111]  Elapsed time: 88.44 seconds; current allocated memory: 0.284 MB.
INFO: [BIND 205-100] Starting micro-architecture generation ...
INFO: [BIND 205-101] Performing variable lifetime analysis.
INFO: [BIND 205-101] Exploring resource sharing.
INFO: [BIND 205-101] Binding ...
INFO: [BIND 205-100] Finished micro-architecture generation.
INFO: [HLS 200-111]  Elapsed time: 0.09 seconds; current allocated memory: 0.284 MB.
INFO: [HLS 200-10] ----------------------------------------------------------------
INFO: [HLS 200-42] -- Implementing module 'merge_acrossphi' 
INFO: [HLS 200-10] ----------------------------------------------------------------
INFO: [SCHED 204-11] Starting scheduling ...
INFO: [SCHED 204-61] Pipelining function 'merge_acrossphi'.
INFO: [SCHED 204-61] Pipelining result : Target II = 3, Final II = 3, Depth = 3.
WARNING: [SCHED 204-21] Estimated clock period (7.86843ns) exceeds the target (target clock period: 8.33333ns, clock uncertainty: 1.04167ns, effective delay budget: 7.29167ns).
WARNING: [SCHED 204-21] The critical path consists of the following:
	'call' operation ('call_ret_0_4', src/GCT.cc:327) to 'mergeClusters' (2.71 ns)
	'mux' operation ('outpeakEta_3', src/GCT.cc:327) (1.72 ns)
	multiplexor before 'phi' operation ('outpeakPhi[0][2]', src/GCT.cc:327) with incoming values : ('outpeakPhi', src/GCT.cc:327) (0.871 ns)
	'phi' operation ('outpeakPhi[0][2]', src/GCT.cc:327) with incoming values : ('outpeakPhi', src/GCT.cc:327) (0 ns)
	'mux' operation ('outpeakPhi433_4', src/GCT.cc:327) (1.72 ns)
	multiplexor before 'phi' operation ('outpeakEta[0][19]', src/GCT.cc:327) with incoming values : ('outpeakEta2', src/GCT.cc:327) (0.85 ns)
	'phi' operation ('outpeakEta[0][19]', src/GCT.cc:327) with incoming values : ('outpeakEta2', src/GCT.cc:327) (0 ns)
	'insertvalue' operation ('mrv_19', src/GCT.cc:327) (0 ns)
	'insertvalue' operation ('mrv_20', src/GCT.cc:327) (0 ns)
	'insertvalue' operation ('mrv_21', src/GCT.cc:327) (0 ns)
	'insertvalue' operation ('mrv_22', src/GCT.cc:327) (0 ns)
	'insertvalue' operation ('mrv_23', src/GCT.cc:327) (0 ns)
	'insertvalue' operation ('mrv_24', src/GCT.cc:327) (0 ns)
	'insertvalue' operation ('mrv_25', src/GCT.cc:327) (0 ns)
	'insertvalue' operation ('mrv_26', src/GCT.cc:327) (0 ns)
	'insertvalue' operation ('mrv_27', src/GCT.cc:327) (0 ns)
	'insertvalue' operation ('mrv_28', src/GCT.cc:327) (0 ns)
INFO: [SCHED 204-11] Finished scheduling.
INFO: [HLS 200-111]  Elapsed time: 4.12 seconds; current allocated memory: 0.284 MB.
INFO: [BIND 205-100] Starting micro-architecture generation ...
INFO: [BIND 205-101] Performing variable lifetime analysis.
INFO: [BIND 205-101] Exploring resource sharing.
INFO: [BIND 205-101] Binding ...
INFO: [BIND 205-100] Finished micro-architecture generation.
INFO: [HLS 200-111]  Elapsed time: 1.95 seconds; current allocated memory: 0.284 MB.
INFO: [HLS 200-10] ----------------------------------------------------------------
INFO: [HLS 200-42] -- Implementing module 'mergeClusters1' 
INFO: [HLS 200-10] ----------------------------------------------------------------
INFO: [SCHED 204-11] Starting scheduling ...
INFO: [SCHED 204-61] Pipelining function 'mergeClusters1'.
INFO: [SCHED 204-61] Pipelining result : Target II = 3, Final II = 1, Depth = 1.
INFO: [SCHED 204-11] Finished scheduling.
INFO: [HLS 200-111]  Elapsed time: 1.77 seconds; current allocated memory: 0.284 MB.
INFO: [BIND 205-100] Starting micro-architecture generation ...
INFO: [BIND 205-101] Performing variable lifetime analysis.
INFO: [BIND 205-101] Exploring resource sharing.
INFO: [BIND 205-101] Binding ...
INFO: [BIND 205-100] Finished micro-architecture generation.
INFO: [HLS 200-111]  Elapsed time: 0.07 seconds; current allocated memory: 0.284 MB.
INFO: [HLS 200-10] ----------------------------------------------------------------
INFO: [HLS 200-42] -- Implementing module 'GCT' 
INFO: [HLS 200-10] ----------------------------------------------------------------
INFO: [SCHED 204-11] Starting scheduling ...
INFO: [SCHED 204-61] Pipelining function 'GCT'.
INFO: [SCHED 204-61] Pipelining result : Target II = 3, Final II = 3, Depth = 4.
INFO: [SCHED 204-11] Finished scheduling.
INFO: [HLS 200-111]  Elapsed time: 2.07 seconds; current allocated memory: 0.284 MB.
INFO: [BIND 205-100] Starting micro-architecture generation ...
INFO: [BIND 205-101] Performing variable lifetime analysis.
INFO: [BIND 205-101] Exploring resource sharing.
INFO: [BIND 205-101] Binding ...
INFO: [BIND 205-100] Finished micro-architecture generation.
INFO: [HLS 200-111]  Elapsed time: 2.42 seconds; current allocated memory: 0.284 MB.
INFO: [HLS 200-10] ----------------------------------------------------------------
INFO: [HLS 200-42] -- Implementing module 'algo_unpacked' 
INFO: [HLS 200-10] ----------------------------------------------------------------
INFO: [SCHED 204-11] Starting scheduling ...
INFO: [SCHED 204-61] Pipelining function 'algo_unpacked'.
WARNING: [SCHED 204-63] Unable to schedule wire write on port 'link_out_0_V' (src/algo_unpacked.cpp:187) within the first 3 cycles (II = 3).
Please consider increasing the target initiation interval of the pipeline.
INFO: [SCHED 204-61] Pipelining result : Target II = 3, Final II = 3, Depth = 4.
INFO: [SCHED 204-11] Finished scheduling.
INFO: [HLS 200-111]  Elapsed time: 3.93 seconds; current allocated memory: 0.284 MB.
INFO: [BIND 205-100] Starting micro-architecture generation ...
INFO: [BIND 205-101] Performing variable lifetime analysis.
INFO: [BIND 205-101] Exploring resource sharing.
INFO: [BIND 205-101] Binding ...
INFO: [BIND 205-100] Finished micro-architecture generation.
INFO: [HLS 200-111]  Elapsed time: 2.37 seconds; current allocated memory: 0.284 MB.
INFO: [HLS 200-10] ----------------------------------------------------------------
INFO: [HLS 200-10] -- Generating RTL for module 'mergeClusters' 
INFO: [HLS 200-10] ----------------------------------------------------------------
INFO: [RTGEN 206-100] Finished creating RTL model for 'mergeClusters'.
INFO: [HLS 200-111]  Elapsed time: 3.29 seconds; current allocated memory: 0.284 MB.
INFO: [HLS 200-10] ----------------------------------------------------------------
INFO: [HLS 200-10] -- Generating RTL for module 'merge_acrossphi' 
INFO: [HLS 200-10] ----------------------------------------------------------------
INFO: [SYN 201-210] Renamed object name 'algo_unpacked_mux_325_16_1_1' to 'algo_unpacked_muxbkb' due to the length limit 20
INFO: [RTGEN 206-104] Estimated max fanout for 'merge_acrossphi' is 5332 from HDL expression: (1'b1 == ap_CS_fsm_state3)
INFO: [RTGEN 206-100] Generating core module 'algo_unpacked_muxbkb': 153 instance(s).
INFO: [RTGEN 206-100] Finished creating RTL model for 'merge_acrossphi'.
INFO: [HLS 200-111]  Elapsed time: 8.13 seconds; current allocated memory: 0.284 MB.
INFO: [HLS 200-10] ----------------------------------------------------------------
INFO: [HLS 200-10] -- Generating RTL for module 'mergeClusters1' 
INFO: [HLS 200-10] ----------------------------------------------------------------
INFO: [RTGEN 206-100] Finished creating RTL model for 'mergeClusters1'.
INFO: [HLS 200-111]  Elapsed time: 3.76 seconds; current allocated memory: 0.284 MB.
INFO: [HLS 200-10] ----------------------------------------------------------------
INFO: [HLS 200-10] -- Generating RTL for module 'GCT' 
INFO: [HLS 200-10] ----------------------------------------------------------------
INFO: [RTGEN 206-104] Estimated max fanout for 'GCT' is 5760 from HDL expression: ((ap_enable_reg_pp0_iter1 == 1'b1) & (1'b1 == ap_CS_fsm_pp0_stage0) & (1'b0 == ap_block_pp0_stage0_11001))
INFO: [RTGEN 206-100] Finished creating RTL model for 'GCT'.
INFO: [HLS 200-111]  Elapsed time: 22.88 seconds; current allocated memory: 0.284 MB.
INFO: [HLS 200-10] ----------------------------------------------------------------
INFO: [HLS 200-10] -- Generating RTL for module 'algo_unpacked' 
INFO: [HLS 200-10] ----------------------------------------------------------------
INFO: [RTGEN 206-500] Setting interface mode on port 'algo_unpacked/link_in_0_V' to 'ap_none'.
INFO: [RTGEN 206-500] Setting interface mode on port 'algo_unpacked/link_in_1_V' to 'ap_none'.
INFO: [RTGEN 206-500] Setting interface mode on port 'algo_unpacked/link_in_2_V' to 'ap_none'.
INFO: [RTGEN 206-500] Setting interface mode on port 'algo_unpacked/link_in_3_V' to 'ap_none'.
INFO: [RTGEN 206-500] Setting interface mode on port 'algo_unpacked/link_in_4_V' to 'ap_none'.
INFO: [RTGEN 206-500] Setting interface mode on port 'algo_unpacked/link_in_5_V' to 'ap_none'.
INFO: [RTGEN 206-500] Setting interface mode on port 'algo_unpacked/link_in_6_V' to 'ap_none'.
INFO: [RTGEN 206-500] Setting interface mode on port 'algo_unpacked/link_in_7_V' to 'ap_none'.
INFO: [RTGEN 206-500] Setting interface mode on port 'algo_unpacked/link_in_8_V' to 'ap_none'.
INFO: [RTGEN 206-500] Setting interface mode on port 'algo_unpacked/link_in_9_V' to 'ap_none'.
INFO: [RTGEN 206-500] Setting interface mode on port 'algo_unpacked/link_in_10_V' to 'ap_none'.
INFO: [RTGEN 206-500] Setting interface mode on port 'algo_unpacked/link_in_11_V' to 'ap_none'.
INFO: [RTGEN 206-500] Setting interface mode on port 'algo_unpacked/link_in_12_V' to 'ap_none'.
INFO: [RTGEN 206-500] Setting interface mode on port 'algo_unpacked/link_in_13_V' to 'ap_none'.
INFO: [RTGEN 206-500] Setting interface mode on port 'algo_unpacked/link_in_14_V' to 'ap_none'.
INFO: [RTGEN 206-500] Setting interface mode on port 'algo_unpacked/link_in_15_V' to 'ap_none'.
INFO: [RTGEN 206-500] Setting interface mode on port 'algo_unpacked/link_in_16_V' to 'ap_none'.
INFO: [RTGEN 206-500] Setting interface mode on port 'algo_unpacked/link_in_17_V' to 'ap_none'.
INFO: [RTGEN 206-500] Setting interface mode on port 'algo_unpacked/link_in_18_V' to 'ap_none'.
INFO: [RTGEN 206-500] Setting interface mode on port 'algo_unpacked/link_in_19_V' to 'ap_none'.
INFO: [RTGEN 206-500] Setting interface mode on port 'algo_unpacked/link_in_20_V' to 'ap_none'.
INFO: [RTGEN 206-500] Setting interface mode on port 'algo_unpacked/link_in_21_V' to 'ap_none'.
INFO: [RTGEN 206-500] Setting interface mode on port 'algo_unpacked/link_in_22_V' to 'ap_none'.
INFO: [RTGEN 206-500] Setting interface mode on port 'algo_unpacked/link_in_23_V' to 'ap_none'.
INFO: [RTGEN 206-500] Setting interface mode on port 'algo_unpacked/link_in_24_V' to 'ap_none'.
INFO: [RTGEN 206-500] Setting interface mode on port 'algo_unpacked/link_in_25_V' to 'ap_none'.
INFO: [RTGEN 206-500] Setting interface mode on port 'algo_unpacked/link_in_26_V' to 'ap_none'.
INFO: [RTGEN 206-500] Setting interface mode on port 'algo_unpacked/link_in_27_V' to 'ap_none'.
INFO: [RTGEN 206-500] Setting interface mode on port 'algo_unpacked/link_in_28_V' to 'ap_none'.
INFO: [RTGEN 206-500] Setting interface mode on port 'algo_unpacked/link_in_29_V' to 'ap_none'.
INFO: [RTGEN 206-500] Setting interface mode on port 'algo_unpacked/link_in_30_V' to 'ap_none'.
INFO: [RTGEN 206-500] Setting interface mode on port 'algo_unpacked/link_in_31_V' to 'ap_none'.
INFO: [RTGEN 206-500] Setting interface mode on port 'algo_unpacked/link_in_32_V' to 'ap_none'.
INFO: [RTGEN 206-500] Setting interface mode on port 'algo_unpacked/link_in_33_V' to 'ap_none'.
INFO: [RTGEN 206-500] Setting interface mode on port 'algo_unpacked/link_in_34_V' to 'ap_none'.
INFO: [RTGEN 206-500] Setting interface mode on port 'algo_unpacked/link_in_35_V' to 'ap_none'.
INFO: [RTGEN 206-500] Setting interface mode on port 'algo_unpacked/link_in_36_V' to 'ap_none'.
INFO: [RTGEN 206-500] Setting interface mode on port 'algo_unpacked/link_in_37_V' to 'ap_none'.
INFO: [RTGEN 206-500] Setting interface mode on port 'algo_unpacked/link_in_38_V' to 'ap_none'.
INFO: [RTGEN 206-500] Setting interface mode on port 'algo_unpacked/link_in_39_V' to 'ap_none'.
INFO: [RTGEN 206-500] Setting interface mode on port 'algo_unpacked/link_in_40_V' to 'ap_none'.
INFO: [RTGEN 206-500] Setting interface mode on port 'algo_unpacked/link_in_41_V' to 'ap_none'.
INFO: [RTGEN 206-500] Setting interface mode on port 'algo_unpacked/link_in_42_V' to 'ap_none'.
INFO: [RTGEN 206-500] Setting interface mode on port 'algo_unpacked/link_in_43_V' to 'ap_none'.
INFO: [RTGEN 206-500] Setting interface mode on port 'algo_unpacked/link_in_44_V' to 'ap_none'.
INFO: [RTGEN 206-500] Setting interface mode on port 'algo_unpacked/link_in_45_V' to 'ap_none'.
INFO: [RTGEN 206-500] Setting interface mode on port 'algo_unpacked/link_in_46_V' to 'ap_none'.
INFO: [RTGEN 206-500] Setting interface mode on port 'algo_unpacked/link_in_47_V' to 'ap_none'.
INFO: [RTGEN 206-500] Setting interface mode on port 'algo_unpacked/link_out_0_V' to 'ap_ovld'.
INFO: [RTGEN 206-500] Setting interface mode on port 'algo_unpacked/link_out_1_V' to 'ap_ovld'.
INFO: [RTGEN 206-500] Setting interface mode on port 'algo_unpacked/link_out_2_V' to 'ap_ovld'.
INFO: [RTGEN 206-500] Setting interface mode on port 'algo_unpacked/link_out_3_V' to 'ap_ovld'.
INFO: [RTGEN 206-500] Setting interface mode on port 'algo_unpacked/link_out_4_V' to 'ap_ovld'.
INFO: [RTGEN 206-500] Setting interface mode on port 'algo_unpacked/link_out_5_V' to 'ap_ovld'.
INFO: [RTGEN 206-500] Setting interface mode on port 'algo_unpacked/link_out_6_V' to 'ap_ovld'.
INFO: [RTGEN 206-500] Setting interface mode on port 'algo_unpacked/link_out_7_V' to 'ap_ovld'.
INFO: [RTGEN 206-500] Setting interface mode on port 'algo_unpacked/link_out_8_V' to 'ap_ovld'.
INFO: [RTGEN 206-500] Setting interface mode on port 'algo_unpacked/link_out_9_V' to 'ap_ovld'.
INFO: [RTGEN 206-500] Setting interface mode on port 'algo_unpacked/link_out_10_V' to 'ap_ovld'.
INFO: [RTGEN 206-500] Setting interface mode on port 'algo_unpacked/link_out_11_V' to 'ap_ovld'.
INFO: [RTGEN 206-500] Setting interface mode on port 'algo_unpacked/link_out_12_V' to 'ap_ovld'.
INFO: [RTGEN 206-500] Setting interface mode on port 'algo_unpacked/link_out_13_V' to 'ap_ovld'.
INFO: [RTGEN 206-500] Setting interface mode on port 'algo_unpacked/link_out_14_V' to 'ap_ovld'.
INFO: [RTGEN 206-500] Setting interface mode on port 'algo_unpacked/link_out_15_V' to 'ap_ovld'.
INFO: [RTGEN 206-500] Setting interface mode on port 'algo_unpacked/link_out_16_V' to 'ap_ovld'.
INFO: [RTGEN 206-500] Setting interface mode on port 'algo_unpacked/link_out_17_V' to 'ap_ovld'.
INFO: [RTGEN 206-500] Setting interface mode on port 'algo_unpacked/link_out_18_V' to 'ap_ovld'.
INFO: [RTGEN 206-500] Setting interface mode on port 'algo_unpacked/link_out_19_V' to 'ap_ovld'.
INFO: [RTGEN 206-500] Setting interface mode on port 'algo_unpacked/link_out_20_V' to 'ap_ovld'.
INFO: [RTGEN 206-500] Setting interface mode on port 'algo_unpacked/link_out_21_V' to 'ap_ovld'.
INFO: [RTGEN 206-500] Setting interface mode on port 'algo_unpacked/link_out_22_V' to 'ap_ovld'.
INFO: [RTGEN 206-500] Setting interface mode on port 'algo_unpacked/link_out_23_V' to 'ap_ovld'.
INFO: [RTGEN 206-500] Setting interface mode on port 'algo_unpacked/link_out_24_V' to 'ap_vld'.
INFO: [RTGEN 206-500] Setting interface mode on port 'algo_unpacked/link_out_25_V' to 'ap_vld'.
INFO: [RTGEN 206-500] Setting interface mode on port 'algo_unpacked/link_out_26_V' to 'ap_vld'.
INFO: [RTGEN 206-500] Setting interface mode on port 'algo_unpacked/link_out_27_V' to 'ap_vld'.
INFO: [RTGEN 206-500] Setting interface mode on port 'algo_unpacked/link_out_28_V' to 'ap_vld'.
INFO: [RTGEN 206-500] Setting interface mode on port 'algo_unpacked/link_out_29_V' to 'ap_vld'.
INFO: [RTGEN 206-500] Setting interface mode on port 'algo_unpacked/link_out_30_V' to 'ap_vld'.
INFO: [RTGEN 206-500] Setting interface mode on port 'algo_unpacked/link_out_31_V' to 'ap_vld'.
INFO: [RTGEN 206-500] Setting interface mode on port 'algo_unpacked/link_out_32_V' to 'ap_vld'.
INFO: [RTGEN 206-500] Setting interface mode on port 'algo_unpacked/link_out_33_V' to 'ap_vld'.
INFO: [RTGEN 206-500] Setting interface mode on port 'algo_unpacked/link_out_34_V' to 'ap_vld'.
INFO: [RTGEN 206-500] Setting interface mode on port 'algo_unpacked/link_out_35_V' to 'ap_vld'.
INFO: [RTGEN 206-500] Setting interface mode on port 'algo_unpacked/link_out_36_V' to 'ap_vld'.
INFO: [RTGEN 206-500] Setting interface mode on port 'algo_unpacked/link_out_37_V' to 'ap_vld'.
INFO: [RTGEN 206-500] Setting interface mode on port 'algo_unpacked/link_out_38_V' to 'ap_vld'.
INFO: [RTGEN 206-500] Setting interface mode on port 'algo_unpacked/link_out_39_V' to 'ap_vld'.
INFO: [RTGEN 206-500] Setting interface mode on port 'algo_unpacked/link_out_40_V' to 'ap_vld'.
INFO: [RTGEN 206-500] Setting interface mode on port 'algo_unpacked/link_out_41_V' to 'ap_vld'.
INFO: [RTGEN 206-500] Setting interface mode on port 'algo_unpacked/link_out_42_V' to 'ap_vld'.
INFO: [RTGEN 206-500] Setting interface mode on port 'algo_unpacked/link_out_43_V' to 'ap_vld'.
INFO: [RTGEN 206-500] Setting interface mode on port 'algo_unpacked/link_out_44_V' to 'ap_vld'.
INFO: [RTGEN 206-500] Setting interface mode on port 'algo_unpacked/link_out_45_V' to 'ap_vld'.
INFO: [RTGEN 206-500] Setting interface mode on port 'algo_unpacked/link_out_46_V' to 'ap_vld'.
INFO: [RTGEN 206-500] Setting interface mode on port 'algo_unpacked/link_out_47_V' to 'ap_vld'.
INFO: [RTGEN 206-500] Setting interface mode on function 'algo_unpacked' to 'ap_ctrl_hs'.
WARNING: [RTGEN 206-101] Register 'first' is power-on initialization.
INFO: [RTGEN 206-104] Estimated max fanout for 'algo_unpacked' is 9264 from HDL expression: ((1'b0 == ap_block_pp0_stage0_01001) & (ap_enable_reg_pp0_iter1 == 1'b1) & (1'b1 == ap_CS_fsm_pp0_stage0))
INFO: [RTGEN 206-100] Finished creating RTL model for 'algo_unpacked'.
INFO: [HLS 200-111]  Elapsed time: 10.96 seconds; current allocated memory: 0.284 MB.
INFO: [HLS 200-111] Finished generating all RTL models Time (s): cpu = 00:02:30 ; elapsed = 00:02:43 . Memory (MB): peak = 1705.027 ; gain = 1344.219 ; free physical = 8015 ; free virtual = 83522
INFO: [SYSC 207-301] Generating SystemC RTL for algo_unpacked.
INFO: [VHDL 208-304] Generating VHDL RTL for algo_unpacked.
INFO: [VLOG 209-307] Generating Verilog RTL for algo_unpacked.
INFO: [COSIM 212-47] Using XSIM for RTL simulation.
INFO: [COSIM 212-14] Instrumenting C test bench ...
INFO: [COSIM 212-302] Starting C TB testing ... 
INFO: [COSIM 212-333] Generating C post check test bench ...
INFO: [COSIM 212-12] Generating RTL test bench ...
INFO: [COSIM 212-323] Starting verilog simulation. 
INFO: [COSIM 212-15] Starting XSIM ...
INFO: [COSIM 212-316] Starting C post checking ...
INFO: [COSIM 212-1000] *** C/RTL co-simulation finished: PASS ***
INFO: [IMPL 213-8] Exporting RTL as a Vivado IP.
INFO: [HLS 200-112] Total elapsed time: 241.71 seconds; peak allocated memory: 0.284 MB.
INFO: [Common 17-206] Exiting vivado_hls at Sun Jan 20 20:15:38 2019...
==============================================================
File generated by Vivado(TM) HLS - High-Level Synthesis from C, C++ and SystemC
Version: 2018.2
Copyright (C) 1986-2018 Xilinx, Inc. All Rights Reserved.

==============================================================

INFO: [HLS 200-10] Setting target device to 'xc7vx690tffg1927-2'
INFO: [SYN 201-201] Setting up clock 'default' with a period of 8.33333ns.
INFO: [SIM 211-2] *************** CSIM start ***************
INFO: [SIM 211-4] CSIM will launch GCC as the compiler.
INFO: [SIM 211-1] CSim done with 0 errors.
INFO: [SIM 211-3] *************** CSIM finish ***************
INFO: [HLS 200-10] Analyzing design file 'src/GCT.cc' ... 
WARNING: [HLS 200-40] In file included from src/GCT.cc:1:
In file included from src/GCT.cc:1:
src/GCT.hh:3:17: warning: using directive refers to implicitly-defined namespace 'std'
using namespace std;
                ^
1 warning generated.\n
INFO: [HLS 200-10] Analyzing design file 'src/algo_unpacked.cpp' ... 
INFO: [HLS 200-111] Finished Linking Time (s): cpu = 00:00:23 ; elapsed = 00:00:26 . Memory (MB): peak = 361.145 ; gain = 0.340 ; free physical = 8107 ; free virtual = 75538
INFO: [HLS 200-111] Finished Checking Pragmas Time (s): cpu = 00:00:23 ; elapsed = 00:00:26 . Memory (MB): peak = 361.145 ; gain = 0.340 ; free physical = 8107 ; free virtual = 75538
INFO: [HLS 200-10] Starting code transformations ...
INFO: [HLS 200-111] Finished Standard Transforms Time (s): cpu = 00:00:24 ; elapsed = 00:00:27 . Memory (MB): peak = 361.344 ; gain = 0.539 ; free physical = 7998 ; free virtual = 75431
INFO: [HLS 200-10] Checking synthesizability ...
WARNING: [SYNCHK 200-23] src/algo_unpacked.cpp:91: variable-indexed range selection may cause suboptimal QoR.
INFO: [SYNCHK 200-10] 0 error(s), 1 warning(s).
INFO: [HLS 200-111] Finished Checking Synthesizability Time (s): cpu = 00:00:24 ; elapsed = 00:00:27 . Memory (MB): peak = 361.344 ; gain = 0.539 ; free physical = 7972 ; free virtual = 75406
INFO: [XFORM 203-502] Unrolling all loops for pipelining in function 'algo_unpacked' (src/algo_unpacked.cpp:22).
INFO: [XFORM 203-502] Unrolling all loops for pipelining in function 'GCT' (src/GCT.cc:4).
INFO: [XFORM 203-502] Unrolling all loops for pipelining in function 'merge_acrossphi' (src/GCT.cc:253).
INFO: [XFORM 203-501] Unrolling loop 'Loop-1' (src/algo_unpacked.cpp:73) in function 'algo_unpacked' completely.
INFO: [XFORM 203-501] Unrolling loop 'Loop-2' (src/algo_unpacked.cpp:78) in function 'algo_unpacked' completely.
INFO: [XFORM 203-501] Unrolling loop 'Loop-2.1' (src/algo_unpacked.cpp:80) in function 'algo_unpacked' completely.
INFO: [XFORM 203-501] Unrolling loop 'Loop-3' (src/algo_unpacked.cpp:153) in function 'algo_unpacked' completely.
INFO: [XFORM 203-501] Unrolling loop 'Loop-3.1' (src/algo_unpacked.cpp:155) in function 'algo_unpacked' completely.
INFO: [XFORM 203-501] Unrolling loop 'Loop-4' (src/algo_unpacked.cpp:196) in function 'algo_unpacked' completely.
INFO: [XFORM 203-501] Unrolling loop 'Loop-1' (src/GCT.cc:94) in function 'GCT' completely.
INFO: [XFORM 203-501] Unrolling loop 'Loop-1.1' (src/GCT.cc:96) in function 'GCT' completely.
INFO: [XFORM 203-501] Unrolling loop 'Loop-1' (src/GCT.cc:294) in function 'merge_acrossphi' completely.
INFO: [XFORM 203-501] Unrolling loop 'Loop-1.1' (src/GCT.cc:296) in function 'merge_acrossphi' completely.
INFO: [XFORM 203-501] Unrolling loop 'Loop-2' (src/GCT.cc:312) in function 'merge_acrossphi' completely.
INFO: [XFORM 203-501] Unrolling loop 'Loop-2.1' (src/GCT.cc:314) in function 'merge_acrossphi' completely.
INFO: [XFORM 203-101] Partitioning array 'link_in.V' (src/algo_unpacked.cpp:22) in dimension 1 completely.
INFO: [XFORM 203-101] Partitioning array 'link_out.V' (src/algo_unpacked.cpp:22) in dimension 1 completely.
INFO: [XFORM 203-101] Partitioning array 'peakEta_Pos' (src/algo_unpacked.cpp:47) in dimension 1 completely.
INFO: [XFORM 203-101] Partitioning array 'peakPhi_Pos' (src/algo_unpacked.cpp:48) in dimension 1 completely.
INFO: [XFORM 203-101] Partitioning array 'towerEta_Pos' (src/algo_unpacked.cpp:49) in dimension 1 completely.
INFO: [XFORM 203-101] Partitioning array 'towerPhi_Pos' (src/algo_unpacked.cpp:50) in dimension 1 completely.
INFO: [XFORM 203-101] Partitioning array 'ClusterET_Pos' (src/algo_unpacked.cpp:51) in dimension 1 completely.
INFO: [XFORM 203-101] Partitioning array 'peakEta_Neg' (src/algo_unpacked.cpp:53) in dimension 1 completely.
INFO: [XFORM 203-101] Partitioning array 'peakPhi_Neg' (src/algo_unpacked.cpp:54) in dimension 1 completely.
INFO: [XFORM 203-101] Partitioning array 'towerEta_Neg' (src/algo_unpacked.cpp:55) in dimension 1 completely.
INFO: [XFORM 203-101] Partitioning array 'towerPhi_Neg' (src/algo_unpacked.cpp:56) in dimension 1 completely.
INFO: [XFORM 203-101] Partitioning array 'ClusterET_Neg' (src/algo_unpacked.cpp:57) in dimension 1 completely.
INFO: [XFORM 203-101] Partitioning array 'outpeakEta_Pos'  in dimension 1 completely.
INFO: [XFORM 203-101] Partitioning array 'outpeakPhi_Pos'  in dimension 1 completely.
INFO: [XFORM 203-101] Partitioning array 'outtowerEta_Pos'  in dimension 1 completely.
INFO: [XFORM 203-101] Partitioning array 'outtowerPhi_Pos'  in dimension 1 completely.
INFO: [XFORM 203-101] Partitioning array 'outClusterET_Pos'  in dimension 1 completely.
INFO: [XFORM 203-101] Partitioning array 'outpeakEta_Neg'  in dimension 1 completely.
INFO: [XFORM 203-101] Partitioning array 'outpeakPhi_Neg'  in dimension 1 completely.
INFO: [XFORM 203-101] Partitioning array 'outtowerEta_Neg'  in dimension 1 completely.
INFO: [XFORM 203-101] Partitioning array 'outtowerPhi_Neg'  in dimension 1 completely.
INFO: [XFORM 203-101] Partitioning array 'outClusterET_Neg'  in dimension 1 completely.
INFO: [XFORM 203-101] Partitioning array 'preMergepeakEta' (src/GCT.cc:75) in dimension 1 completely.
INFO: [XFORM 203-101] Partitioning array 'preMergepeakPhi' (src/GCT.cc:76) in dimension 1 completely.
INFO: [XFORM 203-101] Partitioning array 'preMergeclusterET' (src/GCT.cc:77) in dimension 1 completely.
INFO: [XFORM 203-101] Partitioning array 'preMergepeakEta_b' (src/GCT.cc:79) in dimension 1 completely.
INFO: [XFORM 203-101] Partitioning array 'preMergepeakPhi_b' (src/GCT.cc:80) in dimension 1 completely.
INFO: [XFORM 203-101] Partitioning array 'preMergeclusterET_b' (src/GCT.cc:81) in dimension 1 completely.
INFO: [XFORM 203-101] Partitioning array 'preMergepeakEta' (src/GCT.cc:281) in dimension 1 completely.
INFO: [XFORM 203-101] Partitioning array 'preMergepeakPhi' (src/GCT.cc:282) in dimension 1 completely.
INFO: [XFORM 203-101] Partitioning array 'preMergetowerEta' (src/GCT.cc:283) in dimension 1 completely.
INFO: [XFORM 203-101] Partitioning array 'preMergetowerPhi' (src/GCT.cc:284) in dimension 1 completely.
INFO: [XFORM 203-101] Partitioning array 'preMergeclusterET' (src/GCT.cc:285) in dimension 1 completely.
INFO: [XFORM 203-101] Partitioning array 'peakEta_Pos' (src/algo_unpacked.cpp:47) in dimension 2 completely.
INFO: [XFORM 203-101] Partitioning array 'peakPhi_Pos' (src/algo_unpacked.cpp:48) in dimension 2 completely.
INFO: [XFORM 203-101] Partitioning array 'towerEta_Pos' (src/algo_unpacked.cpp:49) in dimension 2 completely.
INFO: [XFORM 203-101] Partitioning array 'towerPhi_Pos' (src/algo_unpacked.cpp:50) in dimension 2 completely.
INFO: [XFORM 203-101] Partitioning array 'ClusterET_Pos' (src/algo_unpacked.cpp:51) in dimension 2 completely.
INFO: [XFORM 203-101] Partitioning array 'peakEta_Neg' (src/algo_unpacked.cpp:53) in dimension 2 completely.
INFO: [XFORM 203-101] Partitioning array 'peakPhi_Neg' (src/algo_unpacked.cpp:54) in dimension 2 completely.
INFO: [XFORM 203-101] Partitioning array 'towerEta_Neg' (src/algo_unpacked.cpp:55) in dimension 2 completely.
INFO: [XFORM 203-101] Partitioning array 'towerPhi_Neg' (src/algo_unpacked.cpp:56) in dimension 2 completely.
INFO: [XFORM 203-101] Partitioning array 'ClusterET_Neg' (src/algo_unpacked.cpp:57) in dimension 2 completely.
INFO: [XFORM 203-101] Partitioning array 'outpeakEta_Pos'  in dimension 2 completely.
INFO: [XFORM 203-101] Partitioning array 'outpeakPhi_Pos'  in dimension 2 completely.
INFO: [XFORM 203-101] Partitioning array 'outtowerEta_Pos'  in dimension 2 completely.
INFO: [XFORM 203-101] Partitioning array 'outtowerPhi_Pos'  in dimension 2 completely.
INFO: [XFORM 203-101] Partitioning array 'outClusterET_Pos'  in dimension 2 completely.
INFO: [XFORM 203-101] Partitioning array 'outpeakEta_Neg'  in dimension 2 completely.
INFO: [XFORM 203-101] Partitioning array 'outpeakPhi_Neg'  in dimension 2 completely.
INFO: [XFORM 203-101] Partitioning array 'outtowerEta_Neg'  in dimension 2 completely.
INFO: [XFORM 203-101] Partitioning array 'outtowerPhi_Neg'  in dimension 2 completely.
INFO: [XFORM 203-101] Partitioning array 'outClusterET_Neg'  in dimension 2 completely.
INFO: [XFORM 203-101] Partitioning array 'preMergepeakEta' (src/GCT.cc:75) in dimension 2 completely.
INFO: [XFORM 203-101] Partitioning array 'preMergepeakPhi' (src/GCT.cc:76) in dimension 2 completely.
INFO: [XFORM 203-101] Partitioning array 'preMergeclusterET' (src/GCT.cc:77) in dimension 2 completely.
INFO: [XFORM 203-101] Partitioning array 'preMergepeakEta_b' (src/GCT.cc:79) in dimension 2 completely.
INFO: [XFORM 203-101] Partitioning array 'preMergepeakPhi_b' (src/GCT.cc:80) in dimension 2 completely.
INFO: [XFORM 203-101] Partitioning array 'preMergeclusterET_b' (src/GCT.cc:81) in dimension 2 completely.
INFO: [XFORM 203-101] Partitioning array 'preMergepeakEta' (src/GCT.cc:281) in dimension 2 completely.
INFO: [XFORM 203-101] Partitioning array 'preMergepeakPhi' (src/GCT.cc:282) in dimension 2 completely.
INFO: [XFORM 203-101] Partitioning array 'preMergetowerEta' (src/GCT.cc:283) in dimension 2 completely.
INFO: [XFORM 203-101] Partitioning array 'preMergetowerPhi' (src/GCT.cc:284) in dimension 2 completely.
INFO: [XFORM 203-101] Partitioning array 'preMergeclusterET' (src/GCT.cc:285) in dimension 2 completely.
INFO: [XFORM 203-401] Performing if-conversion on hyperblock from (src/GCT.cc:327:10) to (src/GCT.cc:327:10) in function 'merge_acrossphi'... converting 4 basic blocks.
INFO: [XFORM 203-401] Performing if-conversion on hyperblock from (src/GCT.cc:327:10) to (src/GCT.cc:327:10) in function 'merge_acrossphi'... converting 6 basic blocks.
INFO: [XFORM 203-401] Performing if-conversion on hyperblock from (src/GCT.cc:327:10) to (src/GCT.cc:327:10) in function 'merge_acrossphi'... converting 4 basic blocks.
INFO: [XFORM 203-401] Performing if-conversion on hyperblock from (src/GCT.cc:327:10) to (src/GCT.cc:327:10) in function 'merge_acrossphi'... converting 10 basic blocks.
INFO: [XFORM 203-401] Performing if-conversion on hyperblock from (src/GCT.cc:327:10) to (src/GCT.cc:327:10) in function 'merge_acrossphi'... converting 4 basic blocks.
INFO: [XFORM 203-401] Performing if-conversion on hyperblock from (src/GCT.cc:327:10) to (src/GCT.cc:327:10) in function 'merge_acrossphi'... converting 4 basic blocks.
INFO: [XFORM 203-401] Performing if-conversion on hyperblock from (src/GCT.cc:327:10) to (src/GCT.cc:327:10) in function 'merge_acrossphi'... converting 6 basic blocks.
INFO: [XFORM 203-401] Performing if-conversion on hyperblock from (src/GCT.cc:327:10) to (src/GCT.cc:327:10) in function 'merge_acrossphi'... converting 4 basic blocks.
INFO: [XFORM 203-401] Performing if-conversion on hyperblock from (src/GCT.cc:327:10) to (src/GCT.cc:327:10) in function 'merge_acrossphi'... converting 10 basic blocks.
INFO: [XFORM 203-401] Performing if-conversion on hyperblock from (src/GCT.cc:327:10) to (src/GCT.cc:327:10) in function 'merge_acrossphi'... converting 4 basic blocks.
INFO: [XFORM 203-401] Performing if-conversion on hyperblock from (src/GCT.cc:327:10) to (src/GCT.cc:327:10) in function 'merge_acrossphi'... converting 4 basic blocks.
INFO: [XFORM 203-401] Performing if-conversion on hyperblock from (src/GCT.cc:327:10) to (src/GCT.cc:327:10) in function 'merge_acrossphi'... converting 6 basic blocks.
INFO: [XFORM 203-401] Performing if-conversion on hyperblock from (src/GCT.cc:327:10) to (src/GCT.cc:327:10) in function 'merge_acrossphi'... converting 4 basic blocks.
INFO: [XFORM 203-401] Performing if-conversion on hyperblock from (src/GCT.cc:327:10) to (src/GCT.cc:327:10) in function 'merge_acrossphi'... converting 10 basic blocks.
INFO: [XFORM 203-401] Performing if-conversion on hyperblock from (src/GCT.cc:327:10) to (src/GCT.cc:327:10) in function 'merge_acrossphi'... converting 4 basic blocks.
INFO: [XFORM 203-401] Performing if-conversion on hyperblock in function 'mergeClusters1'... converting 3 basic blocks.
INFO: [XFORM 203-401] Performing if-conversion on hyperblock in function 'mergeClusters'... converting 3 basic blocks.
INFO: [HLS 200-111] Finished Pre-synthesis Time (s): cpu = 00:01:13 ; elapsed = 00:01:16 . Memory (MB): peak = 553.020 ; gain = 192.215 ; free physical = 6890 ; free virtual = 74326
INFO: [HLS 200-111] Finished Architecture Synthesis Time (s): cpu = 00:01:36 ; elapsed = 00:01:40 . Memory (MB): peak = 681.020 ; gain = 320.215 ; free physical = 7021 ; free virtual = 74155
INFO: [HLS 200-10] Starting hardware synthesis ...
INFO: [HLS 200-10] Synthesizing 'algo_unpacked' ...
INFO: [HLS 200-10] ----------------------------------------------------------------
INFO: [HLS 200-42] -- Implementing module 'mergeClusters' 
INFO: [HLS 200-10] ----------------------------------------------------------------
INFO: [SCHED 204-11] Starting scheduling ...
INFO: [SCHED 204-61] Pipelining function 'mergeClusters'.
INFO: [SCHED 204-61] Pipelining result : Target II = 3, Final II = 1, Depth = 1.
INFO: [SCHED 204-11] Finished scheduling.
INFO: [HLS 200-111]  Elapsed time: 100.7 seconds; current allocated memory: 0.284 MB.
INFO: [BIND 205-100] Starting micro-architecture generation ...
INFO: [BIND 205-101] Performing variable lifetime analysis.
INFO: [BIND 205-101] Exploring resource sharing.
INFO: [BIND 205-101] Binding ...
INFO: [BIND 205-100] Finished micro-architecture generation.
INFO: [HLS 200-111]  Elapsed time: 0.07 seconds; current allocated memory: 0.284 MB.
INFO: [HLS 200-10] ----------------------------------------------------------------
INFO: [HLS 200-42] -- Implementing module 'merge_acrossphi' 
INFO: [HLS 200-10] ----------------------------------------------------------------
INFO: [SCHED 204-11] Starting scheduling ...
INFO: [SCHED 204-61] Pipelining function 'merge_acrossphi'.
INFO: [SCHED 204-61] Pipelining result : Target II = 3, Final II = 3, Depth = 3.
WARNING: [SCHED 204-21] Estimated clock period (7.86843ns) exceeds the target (target clock period: 8.33333ns, clock uncertainty: 1.04167ns, effective delay budget: 7.29167ns).
WARNING: [SCHED 204-21] The critical path consists of the following:
	'call' operation ('call_ret_0_4', src/GCT.cc:327) to 'mergeClusters' (2.71 ns)
	'mux' operation ('outpeakPhi432_1', src/GCT.cc:327) (1.72 ns)
	multiplexor before 'phi' operation ('outpeakEta[0][2]', src/GCT.cc:327) with incoming values : ('outpeakEta', src/GCT.cc:327) (0.871 ns)
	'phi' operation ('outpeakEta[0][2]', src/GCT.cc:327) with incoming values : ('outpeakEta', src/GCT.cc:327) (0 ns)
	'mux' operation ('outpeakEta364_4', src/GCT.cc:327) (1.72 ns)
	multiplexor before 'phi' operation ('outpeakEta[0][17]', src/GCT.cc:327) with incoming values : ('outpeakEta', src/GCT.cc:327) ('outpeakEta364_4', src/GCT.cc:327) (0.85 ns)
	'phi' operation ('outpeakEta[0][17]', src/GCT.cc:327) with incoming values : ('outpeakEta', src/GCT.cc:327) ('outpeakEta364_4', src/GCT.cc:327) (0 ns)
	'insertvalue' operation ('mrv_16', src/GCT.cc:327) (0 ns)
	'insertvalue' operation ('mrv_17', src/GCT.cc:327) (0 ns)
	'insertvalue' operation ('mrv_18', src/GCT.cc:327) (0 ns)
	'insertvalue' operation ('mrv_19', src/GCT.cc:327) (0 ns)
	'insertvalue' operation ('mrv_20', src/GCT.cc:327) (0 ns)
	'insertvalue' operation ('mrv_21', src/GCT.cc:327) (0 ns)
	'insertvalue' operation ('mrv_22', src/GCT.cc:327) (0 ns)
	'insertvalue' operation ('mrv_23', src/GCT.cc:327) (0 ns)
	'insertvalue' operation ('mrv_24', src/GCT.cc:327) (0 ns)
	'insertvalue' operation ('mrv_25', src/GCT.cc:327) (0 ns)
	'insertvalue' operation ('mrv_26', src/GCT.cc:327) (0 ns)
	'insertvalue' operation ('mrv_27', src/GCT.cc:327) (0 ns)
	'insertvalue' operation ('mrv_28', src/GCT.cc:327) (0 ns)
	'insertvalue' operation ('mrv_29', src/GCT.cc:327) (0 ns)
	'insertvalue' operation ('mrv_30', src/GCT.cc:327) (0 ns)
	'insertvalue' operation ('mrv_31', src/GCT.cc:327) (0 ns)
	'insertvalue' operation ('mrv_32', src/GCT.cc:327) (0 ns)
	'insertvalue' operation ('mrv_33', src/GCT.cc:327) (0 ns)
	'insertvalue' operation ('mrv_34', src/GCT.cc:327) (0 ns)
	'insertvalue' operation ('mrv_35', src/GCT.cc:327) (0 ns)
	'insertvalue' operation ('mrv_36', src/GCT.cc:327) (0 ns)
	'insertvalue' operation ('mrv_37', src/GCT.cc:327) (0 ns)
	'insertvalue' operation ('mrv_38', src/GCT.cc:327) (0 ns)
	'insertvalue' operation ('mrv_39', src/GCT.cc:327) (0 ns)
	'insertvalue' operation ('mrv_40', src/GCT.cc:327) (0 ns)
	'insertvalue' operation ('mrv_41', src/GCT.cc:327) (0 ns)
	'insertvalue' operation ('mrv_42', src/GCT.cc:327) (0 ns)
	'insertvalue' operation ('mrv_43', src/GCT.cc:327) (0 ns)
	'insertvalue' operation ('mrv_44', src/GCT.cc:327) (0 ns)
	'insertvalue' operation ('mrv_45', src/GCT.cc:327) (0 ns)
	'insertvalue' operation ('mrv_46', src/GCT.cc:327) (0 ns)
	'insertvalue' operation ('mrv_47', src/GCT.cc:327) (0 ns)
	'insertvalue' operation ('mrv_48', src/GCT.cc:327) (0 ns)
	'insertvalue' operation ('mrv_49', src/GCT.cc:327) (0 ns)
	'insertvalue' operation ('mrv_50', src/GCT.cc:327) (0 ns)
	'insertvalue' operation ('mrv_51', src/GCT.cc:327) (0 ns)
	'insertvalue' operation ('mrv_52', src/GCT.cc:327) (0 ns)
	'insertvalue' operation ('mrv_53', src/GCT.cc:327) (0 ns)
	'insertvalue' operation ('mrv_54', src/GCT.cc:327) (0 ns)
	'insertvalue' operation ('mrv_55', src/GCT.cc:327) (0 ns)
	'insertvalue' operation ('mrv_56', src/GCT.cc:327) (0 ns)
	'insertvalue' operation ('mrv_57', src/GCT.cc:327) (0 ns)
	'insertvalue' operation ('mrv_58', src/GCT.cc:327) (0 ns)
	'insertvalue' operation ('mrv_59', src/GCT.cc:327) (0 ns)
	'insertvalue' operation ('mrv_60', src/GCT.cc:327) (0 ns)
	'insertvalue' operation ('mrv_61', src/GCT.cc:327) (0 ns)
	'insertvalue' operation ('mrv_62', src/GCT.cc:327) (0 ns)
	'insertvalue' operation ('mrv_63', src/GCT.cc:327) (0 ns)
	'insertvalue' operation ('mrv_64', src/GCT.cc:327) (0 ns)
	'insertvalue' operation ('mrv_65', src/GCT.cc:327) (0 ns)
	'insertvalue' operation ('mrv_66', src/GCT.cc:327) (0 ns)
	'insertvalue' operation ('mrv_67', src/GCT.cc:327) (0 ns)
	'insertvalue' operation ('mrv_68', src/GCT.cc:327) (0 ns)
	'insertvalue' operation ('mrv_69', src/GCT.cc:327) (0 ns)
	'insertvalue' operation ('mrv_70', src/GCT.cc:327) (0 ns)
	'insertvalue' operation ('mrv_71', src/GCT.cc:327) (0 ns)
	'insertvalue' operation ('mrv_72', src/GCT.cc:327) (0 ns)
	'insertvalue' operation ('mrv_73', src/GCT.cc:327) (0 ns)
	'insertvalue' operation ('mrv_74', src/GCT.cc:327) (0 ns)
	'insertvalue' operation ('mrv_75', src/GCT.cc:327) (0 ns)
	'insertvalue' operation ('mrv_76', src/GCT.cc:327) (0 ns)
	'insertvalue' operation ('mrv_77', src/GCT.cc:327) (0 ns)
	'insertvalue' operation ('mrv_78', src/GCT.cc:327) (0 ns)
	'insertvalue' operation ('mrv_79', src/GCT.cc:327) (0 ns)
	'insertvalue' operation ('mrv_80', src/GCT.cc:327) (0 ns)
	'insertvalue' operation ('mrv_81', src/GCT.cc:327) (0 ns)
	'insertvalue' operation ('mrv_82', src/GCT.cc:327) (0 ns)
	'insertvalue' operation ('mrv_83', src/GCT.cc:327) (0 ns)
	'insertvalue' operation ('mrv_84', src/GCT.cc:327) (0 ns)
	'insertvalue' operation ('mrv_85', src/GCT.cc:327) (0 ns)
	'insertvalue' operation ('mrv_86', src/GCT.cc:327) (0 ns)
	'insertvalue' operation ('mrv_87', src/GCT.cc:327) (0 ns)
	'insertvalue' operation ('mrv_88', src/GCT.cc:327) (0 ns)
	'insertvalue' operation ('mrv_89', src/GCT.cc:327) (0 ns)
	'insertvalue' operation ('mrv_90', src/GCT.cc:327) (0 ns)
	'insertvalue' operation ('mrv_91', src/GCT.cc:327) (0 ns)
	'insertvalue' operation ('mrv_92', src/GCT.cc:327) (0 ns)
	'insertvalue' operation ('mrv_93', src/GCT.cc:327) (0 ns)
	'insertvalue' operation ('mrv_94', src/GCT.cc:327) (0 ns)
	'insertvalue' operation ('mrv_95', src/GCT.cc:327) (0 ns)
	'insertvalue' operation ('mrv_96', src/GCT.cc:327) (0 ns)
	'insertvalue' operation ('mrv_97', src/GCT.cc:327) (0 ns)
	'insertvalue' operation ('mrv_98', src/GCT.cc:327) (0 ns)
	'insertvalue' operation ('mrv_99', src/GCT.cc:327) (0 ns)
	'insertvalue' operation ('mrv_100', src/GCT.cc:327) (0 ns)
	'insertvalue' operation ('mrv_101', src/GCT.cc:327) (0 ns)
	'insertvalue' operation ('mrv_102', src/GCT.cc:327) (0 ns)
	'insertvalue' operation ('mrv_103', src/GCT.cc:327) (0 ns)
	'insertvalue' operation ('mrv_104', src/GCT.cc:327) (0 ns)
	'insertvalue' operation ('mrv_105', src/GCT.cc:327) (0 ns)
	'insertvalue' operation ('mrv_106', src/GCT.cc:327) (0 ns)
	'insertvalue' operation ('mrv_107', src/GCT.cc:327) (0 ns)
	'insertvalue' operation ('mrv_108', src/GCT.cc:327) (0 ns)
	'insertvalue' operation ('mrv_109', src/GCT.cc:327) (0 ns)
	'insertvalue' operation ('mrv_110', src/GCT.cc:327) (0 ns)
	'insertvalue' operation ('mrv_111', src/GCT.cc:327) (0 ns)
	'insertvalue' operation ('mrv_112', src/GCT.cc:327) (0 ns)
	'insertvalue' operation ('mrv_113', src/GCT.cc:327) (0 ns)
	'insertvalue' operation ('mrv_114', src/GCT.cc:327) (0 ns)
	'insertvalue' operation ('mrv_115', src/GCT.cc:327) (0 ns)
	'insertvalue' operation ('mrv_116', src/GCT.cc:327) (0 ns)
	'insertvalue' operation ('mrv_117', src/GCT.cc:327) (0 ns)
	'insertvalue' operation ('mrv_118', src/GCT.cc:327) (0 ns)
	'insertvalue' operation ('mrv_119', src/GCT.cc:327) (0 ns)
	'insertvalue' operation ('mrv_120', src/GCT.cc:327) (0 ns)
	'insertvalue' operation ('mrv_121', src/GCT.cc:327) (0 ns)
	'insertvalue' operation ('mrv_122', src/GCT.cc:327) (0 ns)
	'insertvalue' operation ('mrv_123', src/GCT.cc:327) (0 ns)
	'insertvalue' operation ('mrv_124', src/GCT.cc:327) (0 ns)
	'insertvalue' operation ('mrv_125', src/GCT.cc:327) (0 ns)
	'insertvalue' operation ('mrv_126', src/GCT.cc:327) (0 ns)
	'insertvalue' operation ('mrv_127', src/GCT.cc:327) (0 ns)
	'insertvalue' operation ('mrv_128', src/GCT.cc:327) (0 ns)
	'insertvalue' operation ('mrv_129', src/GCT.cc:327) (0 ns)
	'insertvalue' operation ('mrv_130', src/GCT.cc:327) (0 ns)
	'insertvalue' operation ('mrv_131', src/GCT.cc:327) (0 ns)
	'insertvalue' operation ('mrv_132', src/GCT.cc:327) (0 ns)
	'insertvalue' operation ('mrv_133', src/GCT.cc:327) (0 ns)
	'insertvalue' operation ('mrv_134', src/GCT.cc:327) (0 ns)
	'insertvalue' operation ('mrv_135', src/GCT.cc:327) (0 ns)
	'insertvalue' operation ('mrv_136', src/GCT.cc:327) (0 ns)
	'insertvalue' operation ('mrv_137', src/GCT.cc:327) (0 ns)
	'insertvalue' operation ('mrv_138', src/GCT.cc:327) (0 ns)
	'insertvalue' operation ('mrv_139', src/GCT.cc:327) (0 ns)
	'insertvalue' operation ('mrv_140', src/GCT.cc:327) (0 ns)
	'insertvalue' operation ('mrv_141', src/GCT.cc:327) (0 ns)
	'insertvalue' operation ('mrv_142', src/GCT.cc:327) (0 ns)
	'insertvalue' operation ('mrv_143', src/GCT.cc:327) (0 ns)
	'insertvalue' operation ('mrv_144', src/GCT.cc:327) (0 ns)
	'insertvalue' operation ('mrv_145', src/GCT.cc:327) (0 ns)
	'insertvalue' operation ('mrv_146', src/GCT.cc:327) (0 ns)
	'insertvalue' operation ('mrv_147', src/GCT.cc:327) (0 ns)
	'insertvalue' operation ('mrv_148', src/GCT.cc:327) (0 ns)
	'insertvalue' operation ('mrv_149', src/GCT.cc:327) (0 ns)
	'insertvalue' operation ('mrv_150', src/GCT.cc:327) (0 ns)
	'insertvalue' operation ('mrv_151', src/GCT.cc:327) (0 ns)
	'insertvalue' operation ('mrv_152', src/GCT.cc:327) (0 ns)
	'insertvalue' operation ('mrv_153', src/GCT.cc:327) (0 ns)
	'insertvalue' operation ('mrv_154', src/GCT.cc:327) (0 ns)
	'insertvalue' operation ('mrv_155', src/GCT.cc:327) (0 ns)
	'insertvalue' operation ('mrv_156', src/GCT.cc:327) (0 ns)
	'insertvalue' operation ('mrv_157', src/GCT.cc:327) (0 ns)
	'insertvalue' operation ('mrv_158', src/GCT.cc:327) (0 ns)
	'insertvalue' operation ('mrv_159', src/GCT.cc:327) (0 ns)
	'insertvalue' operation ('mrv_160', src/GCT.cc:327) (0 ns)
	'insertvalue' operation ('mrv_161', src/GCT.cc:327) (0 ns)
	'insertvalue' operation ('mrv_162', src/GCT.cc:327) (0 ns)
	'insertvalue' operation ('mrv_163', src/GCT.cc:327) (0 ns)
	'insertvalue' operation ('mrv_164', src/GCT.cc:327) (0 ns)
	'insertvalue' operation ('mrv_165', src/GCT.cc:327) (0 ns)
	'insertvalue' operation ('mrv_166', src/GCT.cc:327) (0 ns)
	'insertvalue' operation ('mrv_167', src/GCT.cc:327) (0 ns)
	'insertvalue' operation ('mrv_168', src/GCT.cc:327) (0 ns)
INFO: [SCHED 204-11] Finished scheduling.
INFO: [HLS 200-111]  Elapsed time: 5.05 seconds; current allocated memory: 0.284 MB.
INFO: [BIND 205-100] Starting micro-architecture generation ...
INFO: [BIND 205-101] Performing variable lifetime analysis.
INFO: [BIND 205-101] Exploring resource sharing.
INFO: [BIND 205-101] Binding ...
INFO: [BIND 205-100] Finished micro-architecture generation.
INFO: [HLS 200-111]  Elapsed time: 2.51 seconds; current allocated memory: 0.284 MB.
INFO: [HLS 200-10] ----------------------------------------------------------------
INFO: [HLS 200-42] -- Implementing module 'mergeClusters1' 
INFO: [HLS 200-10] ----------------------------------------------------------------
INFO: [SCHED 204-11] Starting scheduling ...
INFO: [SCHED 204-61] Pipelining function 'mergeClusters1'.
INFO: [SCHED 204-61] Pipelining result : Target II = 3, Final II = 1, Depth = 1.
INFO: [SCHED 204-11] Finished scheduling.
INFO: [HLS 200-111]  Elapsed time: 2.28 seconds; current allocated memory: 0.284 MB.
INFO: [BIND 205-100] Starting micro-architecture generation ...
INFO: [BIND 205-101] Performing variable lifetime analysis.
INFO: [BIND 205-101] Exploring resource sharing.
INFO: [BIND 205-101] Binding ...
INFO: [BIND 205-100] Finished micro-architecture generation.
INFO: [HLS 200-111]  Elapsed time: 0.09 seconds; current allocated memory: 0.284 MB.
INFO: [HLS 200-10] ----------------------------------------------------------------
INFO: [HLS 200-42] -- Implementing module 'GCT' 
INFO: [HLS 200-10] ----------------------------------------------------------------
INFO: [SCHED 204-11] Starting scheduling ...
INFO: [SCHED 204-61] Pipelining function 'GCT'.
INFO: [SCHED 204-61] Pipelining result : Target II = 3, Final II = 3, Depth = 4.
INFO: [SCHED 204-11] Finished scheduling.
INFO: [HLS 200-111]  Elapsed time: 2.52 seconds; current allocated memory: 0.284 MB.
INFO: [BIND 205-100] Starting micro-architecture generation ...
INFO: [BIND 205-101] Performing variable lifetime analysis.
INFO: [BIND 205-101] Exploring resource sharing.
INFO: [BIND 205-101] Binding ...
INFO: [BIND 205-100] Finished micro-architecture generation.
INFO: [HLS 200-111]  Elapsed time: 2.89 seconds; current allocated memory: 0.284 MB.
INFO: [HLS 200-10] ----------------------------------------------------------------
INFO: [HLS 200-42] -- Implementing module 'algo_unpacked' 
INFO: [HLS 200-10] ----------------------------------------------------------------
INFO: [SCHED 204-11] Starting scheduling ...
INFO: [SCHED 204-61] Pipelining function 'algo_unpacked'.
INFO: [SCHED 204-61] Pipelining result : Target II = 3, Final II = 3, Depth = 4.
INFO: [SCHED 204-11] Finished scheduling.
INFO: [HLS 200-111]  Elapsed time: 4.52 seconds; current allocated memory: 0.284 MB.
INFO: [BIND 205-100] Starting micro-architecture generation ...
INFO: [BIND 205-101] Performing variable lifetime analysis.
INFO: [BIND 205-101] Exploring resource sharing.
INFO: [BIND 205-101] Binding ...
INFO: [BIND 205-100] Finished micro-architecture generation.
INFO: [HLS 200-111]  Elapsed time: 2.7 seconds; current allocated memory: 0.284 MB.
INFO: [HLS 200-10] ----------------------------------------------------------------
INFO: [HLS 200-10] -- Generating RTL for module 'mergeClusters' 
INFO: [HLS 200-10] ----------------------------------------------------------------
INFO: [RTGEN 206-100] Finished creating RTL model for 'mergeClusters'.
INFO: [HLS 200-111]  Elapsed time: 3.87 seconds; current allocated memory: 0.284 MB.
INFO: [HLS 200-10] ----------------------------------------------------------------
INFO: [HLS 200-10] -- Generating RTL for module 'merge_acrossphi' 
INFO: [HLS 200-10] ----------------------------------------------------------------
INFO: [SYN 201-210] Renamed object name 'algo_unpacked_mux_325_16_1_1' to 'algo_unpacked_muxbkb' due to the length limit 20
INFO: [RTGEN 206-104] Estimated max fanout for 'merge_acrossphi' is 5332 from HDL expression: (1'b1 == ap_CS_fsm_state3)
INFO: [RTGEN 206-100] Generating core module 'algo_unpacked_muxbkb': 153 instance(s).
INFO: [RTGEN 206-100] Finished creating RTL model for 'merge_acrossphi'.
INFO: [HLS 200-111]  Elapsed time: 8.94 seconds; current allocated memory: 0.284 MB.
INFO: [HLS 200-10] ----------------------------------------------------------------
INFO: [HLS 200-10] -- Generating RTL for module 'mergeClusters1' 
INFO: [HLS 200-10] ----------------------------------------------------------------
INFO: [RTGEN 206-100] Finished creating RTL model for 'mergeClusters1'.
INFO: [HLS 200-111]  Elapsed time: 4.26 seconds; current allocated memory: 0.284 MB.
INFO: [HLS 200-10] ----------------------------------------------------------------
INFO: [HLS 200-10] -- Generating RTL for module 'GCT' 
INFO: [HLS 200-10] ----------------------------------------------------------------
INFO: [RTGEN 206-104] Estimated max fanout for 'GCT' is 5760 from HDL expression: ((ap_enable_reg_pp0_iter1 == 1'b1) & (1'b1 == ap_CS_fsm_pp0_stage0) & (1'b0 == ap_block_pp0_stage0_11001))
INFO: [RTGEN 206-100] Finished creating RTL model for 'GCT'.
INFO: [HLS 200-111]  Elapsed time: 24.85 seconds; current allocated memory: 0.284 MB.
INFO: [HLS 200-10] ----------------------------------------------------------------
INFO: [HLS 200-10] -- Generating RTL for module 'algo_unpacked' 
INFO: [HLS 200-10] ----------------------------------------------------------------
INFO: [RTGEN 206-500] Setting interface mode on port 'algo_unpacked/link_in_0_V' to 'ap_none'.
INFO: [RTGEN 206-500] Setting interface mode on port 'algo_unpacked/link_in_1_V' to 'ap_none'.
INFO: [RTGEN 206-500] Setting interface mode on port 'algo_unpacked/link_in_2_V' to 'ap_none'.
INFO: [RTGEN 206-500] Setting interface mode on port 'algo_unpacked/link_in_3_V' to 'ap_none'.
INFO: [RTGEN 206-500] Setting interface mode on port 'algo_unpacked/link_in_4_V' to 'ap_none'.
INFO: [RTGEN 206-500] Setting interface mode on port 'algo_unpacked/link_in_5_V' to 'ap_none'.
INFO: [RTGEN 206-500] Setting interface mode on port 'algo_unpacked/link_in_6_V' to 'ap_none'.
INFO: [RTGEN 206-500] Setting interface mode on port 'algo_unpacked/link_in_7_V' to 'ap_none'.
INFO: [RTGEN 206-500] Setting interface mode on port 'algo_unpacked/link_in_8_V' to 'ap_none'.
INFO: [RTGEN 206-500] Setting interface mode on port 'algo_unpacked/link_in_9_V' to 'ap_none'.
INFO: [RTGEN 206-500] Setting interface mode on port 'algo_unpacked/link_in_10_V' to 'ap_none'.
INFO: [RTGEN 206-500] Setting interface mode on port 'algo_unpacked/link_in_11_V' to 'ap_none'.
INFO: [RTGEN 206-500] Setting interface mode on port 'algo_unpacked/link_in_12_V' to 'ap_none'.
INFO: [RTGEN 206-500] Setting interface mode on port 'algo_unpacked/link_in_13_V' to 'ap_none'.
INFO: [RTGEN 206-500] Setting interface mode on port 'algo_unpacked/link_in_14_V' to 'ap_none'.
INFO: [RTGEN 206-500] Setting interface mode on port 'algo_unpacked/link_in_15_V' to 'ap_none'.
INFO: [RTGEN 206-500] Setting interface mode on port 'algo_unpacked/link_in_16_V' to 'ap_none'.
INFO: [RTGEN 206-500] Setting interface mode on port 'algo_unpacked/link_in_17_V' to 'ap_none'.
INFO: [RTGEN 206-500] Setting interface mode on port 'algo_unpacked/link_in_18_V' to 'ap_none'.
INFO: [RTGEN 206-500] Setting interface mode on port 'algo_unpacked/link_in_19_V' to 'ap_none'.
INFO: [RTGEN 206-500] Setting interface mode on port 'algo_unpacked/link_in_20_V' to 'ap_none'.
INFO: [RTGEN 206-500] Setting interface mode on port 'algo_unpacked/link_in_21_V' to 'ap_none'.
INFO: [RTGEN 206-500] Setting interface mode on port 'algo_unpacked/link_in_22_V' to 'ap_none'.
INFO: [RTGEN 206-500] Setting interface mode on port 'algo_unpacked/link_in_23_V' to 'ap_none'.
INFO: [RTGEN 206-500] Setting interface mode on port 'algo_unpacked/link_in_24_V' to 'ap_none'.
INFO: [RTGEN 206-500] Setting interface mode on port 'algo_unpacked/link_in_25_V' to 'ap_none'.
INFO: [RTGEN 206-500] Setting interface mode on port 'algo_unpacked/link_in_26_V' to 'ap_none'.
INFO: [RTGEN 206-500] Setting interface mode on port 'algo_unpacked/link_in_27_V' to 'ap_none'.
INFO: [RTGEN 206-500] Setting interface mode on port 'algo_unpacked/link_in_28_V' to 'ap_none'.
